Starting with 51 articles

=== acupuncture_gene ===
[SEARCH] 检索: ("acupuncture"[Title/Abstract] OR "electroacupuncture"[Title/Abstract]) AND ("ge...
[SEARCH] 找到 822 篇, 本次获取 822 篇
New PMIDs to fetch: 60
[FETCH] 下载 20 篇文献详情...
[FETCH] 成功解析 20 篇
  Inserted 20 articles, total=71
[FETCH] 下载 20 篇文献详情...
[FETCH] 成功解析 20 篇
  Inserted 20 articles, total=91
[FETCH] 下载 20 篇文献详情...
  [WARN] 请求异常: <urlopen error timed out>, 等待 1s 后重试...
  [WARN] 请求异常: <urlopen error timed out>, 等待 2s 后重试...
[FETCH] 成功解析 20 篇
  Inserted 20 articles, total=111

=== acupuncture_omics ===
[SEARCH] 检索: ("acupuncture"[Title/Abstract] OR "moxibustion"[Title/Abstract]) AND ("microarra...
[SEARCH] 找到 83 篇, 本次获取 83 篇
New PMIDs to fetch: 60
[FETCH] 下载 20 篇文献详情...
[FETCH] 成功解析 20 篇
  Inserted 20 articles, total=131
[FETCH] 下载 20 篇文献详情...
[FETCH] 成功解析 20 篇
  Inserted 20 articles, total=151
[FETCH] 下载 20 篇文献详情...
[FETCH] 成功解析 20 篇
  Inserted 20 articles, total=171

=== acupoint_omics ===
[SEARCH] 检索: ("acupoint"[Title/Abstract] OR "meridian"[Title/Abstract]) AND ("proteomics"[Tit...
[SEARCH] 找到 54 篇, 本次获取 54 篇
New PMIDs to fetch: 53
[FETCH] 下载 20 篇文献详情...
[FETCH] 成功解析 20 篇
  Inserted 20 articles, total=191
[FETCH] 下载 20 篇文献详情...
[FETCH] 成功解析 20 篇
  Inserted 20 articles, total=211
[FETCH] 下载 13 篇文献详情...
[FETCH] 成功解析 13 篇
  Inserted 13 articles, total=224

=== acupuncture_pathway ===
[SEARCH] 检索: "acupuncture"[Title/Abstract] AND ("differential expression"[Title/Abstract] OR ...
[SEARCH] 找到 394 篇, 本次获取 394 篇
New PMIDs to fetch: 60
[FETCH] 下载 20 篇文献详情...
[FETCH] 成功解析 20 篇
  Inserted 20 articles, total=244
[FETCH] 下载 20 篇文献详情...
[FETCH] 成功解析 20 篇
  Inserted 20 articles, total=264
[FETCH] 下载 20 篇文献详情...
[FETCH] 成功解析 20 篇
  Inserted 20 articles, total=284

=== zusanli_gene ===
[SEARCH] 检索: ("Zusanli"[Title/Abstract] OR "ST36"[Title/Abstract]) AND ("gene"[Title/Abstract...
[SEARCH] 找到 1150 篇, 本次获取 1150 篇
New PMIDs to fetch: 60
[FETCH] 下载 20 篇文献详情...
[FETCH] 成功解析 20 篇
  Inserted 20 articles, total=304
[FETCH] 下载 20 篇文献详情...
[FETCH] 成功解析 20 篇
  Inserted 20 articles, total=324
[FETCH] 下载 20 篇文献详情...
[FETCH] 成功解析 20 篇
  Inserted 20 articles, total=344

Done! Total articles: 344
