----------------------------------------
Exception occurred during processing of request from ('127.0.0.1', 58785)
Traceback (most recent call last):
  File "/Users/apple/Desktop/github.local/Li_Project/Acupoints.genes/src/web/app.py", line 438, in do_GET
  File "/Users/apple/Desktop/github.local/Li_Project/Acupoints.genes/src/web/app.py", line 510, in _render_acupoint_query
    acupoint_list = get_acupoint_list()
    ^^^^^^^^^^^^^^^^^^^^^
  File "/Users/apple/Desktop/github.local/Li_Project/Acupoints.genes/src/web/app.py", line 566, in _send_html
    # ---------- HTTP 工具 ----------
  File "/opt/anaconda3/envs/kimi.code/lib/python3.13/socketserver.py", line 845, in write
    self._sock.sendall(b)
    ~~~~~~~~~~~~~~~~~~^^^
BrokenPipeError: [Errno 32] Broken pipe

During handling of the above exception, another exception occurred:

Traceback (most recent call last):
  File "/opt/anaconda3/envs/kimi.code/lib/python3.13/socketserver.py", line 318, in _handle_request_noblock
    self.process_request(request, client_address)
    ~~~~~~~~~~~~~~~~~~~~^^^^^^^^^^^^^^^^^^^^^^^^^
  File "/opt/anaconda3/envs/kimi.code/lib/python3.13/socketserver.py", line 349, in process_request
    self.finish_request(request, client_address)
    ~~~~~~~~~~~~~~~~~~~^^^^^^^^^^^^^^^^^^^^^^^^^
  File "/opt/anaconda3/envs/kimi.code/lib/python3.13/socketserver.py", line 362, in finish_request
    self.RequestHandlerClass(request, client_address, self)
    ~~~~~~~~~~~~~~~~~~~~~~~~^^^^^^^^^^^^^^^^^^^^^^^^^^^^^^^
  File "/opt/anaconda3/envs/kimi.code/lib/python3.13/socketserver.py", line 766, in __init__
    self.handle()
    ~~~~~~~~~~~^^
  File "/opt/anaconda3/envs/kimi.code/lib/python3.13/http/server.py", line 436, in handle
    self.handle_one_request()
    ~~~~~~~~~~~~~~~~~~~~~~~^^
  File "/opt/anaconda3/envs/kimi.code/lib/python3.13/http/server.py", line 424, in handle_one_request
    method()
    ~~~~~~^^
  File "/Users/apple/Desktop/github.local/Li_Project/Acupoints.genes/src/web/app.py", line 491, in do_GET
    genes_filter = query.get("genes", [""])[0].split(",") if query.get("genes", [""])[0] else None
    ^^^^^^^^^^^^^^^^^^^^
  File "/Users/apple/Desktop/github.local/Li_Project/Acupoints.genes/src/web/app.py", line 583, in _send_error
    self.end_headers()
    ~~~~~~~~~~~~~~~~^^
  File "/opt/anaconda3/envs/kimi.code/lib/python3.13/http/server.py", line 538, in end_headers
    self.flush_headers()
    ~~~~~~~~~~~~~~~~~~^^
  File "/opt/anaconda3/envs/kimi.code/lib/python3.13/http/server.py", line 542, in flush_headers
    self.wfile.write(b"".join(self._headers_buffer))
    ~~~~~~~~~~~~~~~~^^^^^^^^^^^^^^^^^^^^^^^^^^^^^^^^
  File "/opt/anaconda3/envs/kimi.code/lib/python3.13/socketserver.py", line 845, in write
    self._sock.sendall(b)
    ~~~~~~~~~~~~~~~~~~^^^
BrokenPipeError: [Errno 32] Broken pipe
----------------------------------------
----------------------------------------
Exception occurred during processing of request from ('127.0.0.1', 58913)
Traceback (most recent call last):
  File "/Users/apple/Desktop/github.local/Li_Project/Acupoints.genes/src/web/app.py", line 438, in do_GET
  File "/Users/apple/Desktop/github.local/Li_Project/Acupoints.genes/src/web/app.py", line 510, in _render_acupoint_query
    acupoint_list = get_acupoint_list()
    ^^^^^^^^^^^^^^^^^^^^^
  File "/Users/apple/Desktop/github.local/Li_Project/Acupoints.genes/src/web/app.py", line 566, in _send_html
    # ---------- HTTP 工具 ----------
  File "/opt/anaconda3/envs/kimi.code/lib/python3.13/socketserver.py", line 845, in write
    self._sock.sendall(b)
    ~~~~~~~~~~~~~~~~~~^^^
ConnectionResetError: [Errno 54] Connection reset by peer

During handling of the above exception, another exception occurred:

Traceback (most recent call last):
  File "/opt/anaconda3/envs/kimi.code/lib/python3.13/socketserver.py", line 318, in _handle_request_noblock
    self.process_request(request, client_address)
    ~~~~~~~~~~~~~~~~~~~~^^^^^^^^^^^^^^^^^^^^^^^^^
  File "/opt/anaconda3/envs/kimi.code/lib/python3.13/socketserver.py", line 349, in process_request
    self.finish_request(request, client_address)
    ~~~~~~~~~~~~~~~~~~~^^^^^^^^^^^^^^^^^^^^^^^^^
  File "/opt/anaconda3/envs/kimi.code/lib/python3.13/socketserver.py", line 362, in finish_request
    self.RequestHandlerClass(request, client_address, self)
    ~~~~~~~~~~~~~~~~~~~~~~~~^^^^^^^^^^^^^^^^^^^^^^^^^^^^^^^
  File "/opt/anaconda3/envs/kimi.code/lib/python3.13/socketserver.py", line 766, in __init__
    self.handle()
    ~~~~~~~~~~~^^
  File "/opt/anaconda3/envs/kimi.code/lib/python3.13/http/server.py", line 436, in handle
    self.handle_one_request()
    ~~~~~~~~~~~~~~~~~~~~~~~^^
  File "/opt/anaconda3/envs/kimi.code/lib/python3.13/http/server.py", line 424, in handle_one_request
    method()
    ~~~~~~^^
  File "/Users/apple/Desktop/github.local/Li_Project/Acupoints.genes/src/web/app.py", line 491, in do_GET
    genes_filter = query.get("genes", [""])[0].split(",") if query.get("genes", [""])[0] else None
    ^^^^^^^^^^^^^^^^^^^^
  File "/Users/apple/Desktop/github.local/Li_Project/Acupoints.genes/src/web/app.py", line 583, in _send_error
    self.end_headers()
    ~~~~~~~~~~~~~~~~^^
  File "/opt/anaconda3/envs/kimi.code/lib/python3.13/http/server.py", line 538, in end_headers
    self.flush_headers()
    ~~~~~~~~~~~~~~~~~~^^
  File "/opt/anaconda3/envs/kimi.code/lib/python3.13/http/server.py", line 542, in flush_headers
    self.wfile.write(b"".join(self._headers_buffer))
    ~~~~~~~~~~~~~~~~^^^^^^^^^^^^^^^^^^^^^^^^^^^^^^^^
  File "/opt/anaconda3/envs/kimi.code/lib/python3.13/socketserver.py", line 845, in write
    self._sock.sendall(b)
    ~~~~~~~~~~~~~~~~~~^^^
BrokenPipeError: [Errno 32] Broken pipe
----------------------------------------
