COMPND    /tmp/RtmpL6MDX0/docking_20260423_132829/receptor/receptor_single.pdb
 CmdLoad: "" loaded as "receptor_clean".
 CmdLoad: "/tmp/RtmpL6MDX0/docking_20260423_132829/best_pose.sdf" loaded as "best_pose".
 Selector: selection "ligand" defined with 31 atoms.
 Warning: 'protein' may become a reserved selection keyword in the future
 Selector: selection "protein" defined with 7148 atoms.
 Executive: Colored 7148 atoms.
 Executive: Colored 2 atoms.
 Executive: Colored 29 atoms.
 Selector: selection "contacts" defined with 240 atoms.
 Executive: Colored 156 atoms.
 Executive: Colored 84 atoms.
 Executive: object "hbonds" created.
 Executive: Colored 1 object.
 Setting: dash_gap set to 0.30000.
 Setting: dash_radius set to 0.05000.
 Label: labelled 13 atoms.
 Setting: label_size set to 10.00000.
 Setting: label_font_id set to 7.
 Setting: label_position set to [ 0.00000, 0.00000, 2.00000 ].
 Setting: ray_opaque_background set to 0.
 Ray: render time: 0.41 sec. = 8825.6 frames/hour (0.41 sec. accum.).
 ScenePNG: wrote 2400x1800 pixel image to file "/tmp/RtmpL6MDX0/docking_20260423_132829/output_local.png".
 RayRenderPovRay: processed 48494 graphics primitives.
 Ray: render time: 0.48 sec. = 7452.0 frames/hour (1.20 sec. accum.).
 ScenePNG: wrote 2400x1800 pixel image to file "/tmp/RtmpL6MDX0/docking_20260423_132829/output_global.png".
 RayRenderPovRay: processed 48494 graphics primitives.
[INFO] Using obabel: /home/zhiyu/miniconda3/envs/realldock/bin/obabel
[INFO] Using smina: /home/data1/zhiyu/data/Project_SanShu/project_sanshu_inside2/docking.postive/docking.pos.web/smina

============================================================
STEP 1: Receptor Preparation
============================================================
[INFO] Treating receptor input as PDB ID: 6UNI
[INFO] Found crystal ligand, using for autobox.
[CMD] /home/zhiyu/miniconda3/envs/realldock/bin/obabel /tmp/RtmpL6MDX0/docking_20260423_132829/receptor/ref_ligand.pdb -O /tmp/RtmpL6MDX0/docking_20260423_132829/receptor/ref_ligand.pdbqt -xh
[INFO] Removed 83 HETATM, kept 3507 ATOM
[CMD] /home/zhiyu/miniconda3/envs/realldock/bin/obabel /tmp/RtmpL6MDX0/docking_20260423_132829/receptor/receptor_single.pdb -O /tmp/RtmpL6MDX0/docking_20260423_132829/receptor/receptor_clean.pdb -d -h
[CMD] /home/zhiyu/miniconda3/envs/realldock/bin/obabel /tmp/RtmpL6MDX0/docking_20260423_132829/receptor/receptor_clean.pdb -O /tmp/RtmpL6MDX0/docking_20260423_132829/receptor/receptor.pdbqt -xh
[OK] Receptor prepared: /tmp/RtmpL6MDX0/docking_20260423_132829/receptor/receptor.pdbqt

============================================================
STEP 2: Ligand Preparation
============================================================
[INFO] Treating ligand input as SMILES: CC[C@H](CC[C@@H](C)[C@H]1CC[C@@H]2[C@@]1(CC[C@H]3[C@H]2CC=C4[C@@]3(CC[C@@H](C4)O)C)C)C(C)C
[OK] Ligand SDF generated: /tmp/RtmpL6MDX0/docking_20260423_132829/ligand/ligand.sdf
[CMD] /home/zhiyu/miniconda3/envs/realldock/bin/obabel /tmp/RtmpL6MDX0/docking_20260423_132829/ligand/ligand.sdf -O /tmp/RtmpL6MDX0/docking_20260423_132829/ligand/ligand.pdbqt -h
[CMD] /home/zhiyu/miniconda3/envs/realldock/bin/obabel /tmp/RtmpL6MDX0/docking_20260423_132829/ligand/ligand.pdbqt -O /tmp/RtmpL6MDX0/docking_20260423_132829/ligand/ligand.pdbqt -xh
[OK] Ligand PDBQT prepared: /tmp/RtmpL6MDX0/docking_20260423_132829/ligand/ligand.pdbqt

============================================================
STEP 3: Molecular Docking
============================================================
[INFO] Running docking... (log: /tmp/RtmpL6MDX0/docking_20260423_132829/smina.log)
[OK] Docking complete: /tmp/RtmpL6MDX0/docking_20260423_132829/docked.sdf

============================================================
STEP 4: Result Parsing
============================================================
[OK] Scores saved: /tmp/RtmpL6MDX0/docking_20260423_132829/docking_scores.csv
 Pose  minimizedAffinity CNNaffinity
    1          -9.116529        None
    2          -8.907506        None
    3          -8.731440        None
    4          -8.719681        None
    5          -8.511272        None
    6          -8.480310        None
    7          -8.455212        None
    8          -8.444510        None
    9          -8.282289        None

[BEST] Pose 1: minimizedAffinity = -9.11652946
[OK] Best pose saved: /tmp/RtmpL6MDX0/docking_20260423_132829/best_pose.sdf (Affinity=-9.11652946)

============================================================
STEP 5: PyMOL Visualization
============================================================
[OK] PyMOL script: /tmp/RtmpL6MDX0/docking_20260423_132829/view.pml
[INFO] Rendering images with PyMOL: /home/zhiyu/miniconda3/envs/pymol/bin/pymol
[OK] Images rendered.

============================================================
STEP 6: Ligand 2D Drawing
============================================================
[OK] Ligand 2D image: /tmp/RtmpL6MDX0/docking_20260423_132829/ligand_2d.png
[OK] Ligand 2D SVG: /tmp/RtmpL6MDX0/docking_20260423_132829/ligand_2d.svg

============================================================
STEP 7: Generate Report
============================================================
[OK] HTML report: /tmp/RtmpL6MDX0/docking_20260423_132829/report.html

============================================================
ALL DONE!
Output directory: /tmp/RtmpL6MDX0/docking_20260423_132829
============================================================
